<?xml version="1.0" encoding="UTF-8"?>
<testng-results ignored="0" total="1" passed="1" failed="0" skipped="0">
  <reporter-output>
    <line>
      <![CDATA[successfully proceeded to loginPage]]>
    </line>
    <line>
      <![CDATA[username entered]]>
    </line>
    <line>
      <![CDATA[password entered]]>
    </line>
    <line>
      <![CDATA[button clicked]]>
    </line>
    <line>
      <![CDATA[login successful]]>
    </line>
    <line>
      <![CDATA[send feedback]]>
    </line>
  </reporter-output>
  <suite started-at="2023-08-04T00:23:51 ICT" name="Default suite" finished-at="2023-08-04T00:24:00 ICT" duration-ms="9507">
    <groups>
      <group name="case 1">
        <method signature="Testcase_Login.test()[pri:0, instance:j_testcase_github.Testcase_Login@7161d8d1]" name="test" class="j_testcase_github.Testcase_Login"/>
      </group> <!-- case 1 -->
    </groups>
    <test started-at="2023-08-04T00:23:51 ICT" name="Default test" finished-at="2023-08-04T00:24:00 ICT" duration-ms="9507">
      <class name="j_testcase_github.Testcase_Login">
        <test-method is-config="true" signature="testSetup()[pri:0, instance:j_testcase_github.Testcase_Login@7161d8d1]" started-at="2023-08-04T00:23:51 ICT" name="testSetup" finished-at="2023-08-04T00:23:53 ICT" duration-ms="2485" status="PASS">
          <reporter-output>
            <line>
              <![CDATA[successfully proceeded to loginPage]]>
            </line>
          </reporter-output>
        </test-method> <!-- testSetup -->
        <test-method signature="test()[pri:0, instance:j_testcase_github.Testcase_Login@7161d8d1]" started-at="2023-08-04T00:23:53 ICT" name="test" finished-at="2023-08-04T00:23:55 ICT" duration-ms="1787" status="PASS">
          <reporter-output>
            <line>
              <![CDATA[username entered]]>
            </line>
            <line>
              <![CDATA[password entered]]>
            </line>
            <line>
              <![CDATA[button clicked]]>
            </line>
            <line>
              <![CDATA[login successful]]>
            </line>
            <line>
              <![CDATA[send feedback]]>
            </line>
          </reporter-output>
        </test-method> <!-- test -->
        <test-method is-config="true" signature="afterTest()[pri:0, instance:j_testcase_github.Testcase_Login@7161d8d1]" started-at="2023-08-04T00:23:55 ICT" name="afterTest" finished-at="2023-08-04T00:24:00 ICT" duration-ms="5198" status="PASS">
          <reporter-output>
          </reporter-output>
        </test-method> <!-- afterTest -->
      </class> <!-- j_testcase_github.Testcase_Login -->
    </test> <!-- Default test -->
  </suite> <!-- Default suite -->
</testng-results>
