<?xml version="1.0" encoding="UTF-8"?>
<!-- Generated by org.testng.reporters.JUnitXMLReporter -->
<testsuite ignored="1" hostname="DESKTOP-PKIP4S4" failures="0" tests="1" name="Testing" time="0.058" errors="0" timestamp="2023-07-18T23:06:56 ICT">
  <testcase classname="annotation_excercise.NewTest" name="@BeforeMethod LoginPage" time="0.008">
    <failure type="java.lang.IllegalArgumentException" message="Driver must be set">
      <![CDATA[java.lang.IllegalArgumentException: Driver must be set
at org.openqa.selenium.internal.Require.nonNull(Require.java:60)
at org.openqa.selenium.interactions.Actions.<init>(Actions.java:59)
at annotation_excercise.NewTest.LoginPage(NewTest.java:67)
at java.base/java.util.ArrayList.forEach(ArrayList.java:1511)
... Removed 29 stack frames]]>
    </failure>
  </testcase> <!-- @BeforeMethod LoginPage -->
  <testcase classname="annotation_excercise.NewTest" name="Login" time="0.0">
    <skipped/>
  </testcase> <!-- Login -->
  <testcase classname="annotation_excercise.NewTest" name="inputInf" time="0.0">
    <ignored/>
  </testcase> <!-- inputInf -->
</testsuite> <!-- Testing -->
